Running: /opt/Xilinx/14.7/ISE_DS/ISE/bin/lin64/unwrapped/fuse -intstyle ise -incremental -lib unisims_ver -lib unimacro_ver -lib xilinxcorelib_ver -o /home/ise/Documents/13.05.2021/PDS_IIR/iir_test_isim_beh.exe -prj /home/ise/Documents/13.05.2021/PDS_IIR/iir_test_beh.prj work.iir_test work.glbl 
ISim P.20131013 (signature 0xfbc00daa)
Number of CPUs detected in this system: 1
Turning on mult-threading, number of parallel sub-compilation jobs: 0 
Determining compilation order of HDL files
Analyzing Verilog file "/home/ise/Documents/13.05.2021/PDS_IIR/iir.v" into library work
Analyzing Verilog file "/home/ise/Documents/13.05.2021/PDS_IIR/iir_test.v" into library work
Analyzing Verilog file "/opt/Xilinx/14.7/ISE_DS/ISE//verilog/src/glbl.v" into library work
Starting static elaboration
Completed static elaboration
Fuse Memory Usage: 94948 KB
Fuse CPU Usage: 2050 ms
Compiling module iir
Compiling module iir_test
Compiling module glbl
Time Resolution for simulation is 1ps.
Compiled 3 Verilog Units
Built simulation executable /home/ise/Documents/13.05.2021/PDS_IIR/iir_test_isim_beh.exe
Fuse Memory Usage: 98388 KB
Fuse CPU Usage: 2100 ms
GCC CPU Usage: 820 ms
